<?xml version="1.0" encoding="UTF-8"?>
<coverage generated="1765416899643" clover="3.2.0">
  <project timestamp="1765416899643" name="All files">
    <metrics statements="14" coveredstatements="12" conditionals="4" coveredconditionals="3" methods="4" coveredmethods="3" elements="22" coveredelements="18" complexity="0" loc="14" ncloc="14" packages="1" files="1" classes="1"/>
    <file name="server.js" path="C:\Users\DELL\Documentos\so-github-actions-labs\app\server.js">
      <metrics statements="14" coveredstatements="12" conditionals="4" coveredconditionals="3" methods="4" coveredmethods="3"/>
      <line num="1" count="1" type="stmt"/>
      <line num="2" count="1" type="stmt"/>
      <line num="3" count="1" type="stmt"/>
      <line num="5" count="1" type="cond" truecount="2" falsecount="0"/>
      <line num="8" count="1" type="stmt"/>
      <line num="9" count="1" type="stmt"/>
      <line num="17" count="1" type="stmt"/>
      <line num="18" count="1" type="stmt"/>
      <line num="26" count="1" type="stmt"/>
      <line num="27" count="1" type="stmt"/>
      <line num="33" count="1" type="cond" truecount="1" falsecount="1"/>
      <line num="34" count="0" type="stmt"/>
      <line num="35" count="0" type="stmt"/>
      <line num="39" count="1" type="stmt"/>
    </file>
  </project>
</coverage>
